<?xml version="1.0" encoding="UTF-8"?>
<!-- Generated by org.testng.reporters.JUnitReportReporter -->
<testsuite skipped="0" hostname="PUNDK-WIN7-230" name="demoTest.logintest" tests="1" failures="0" timestamp="2019-09-11T13:51:59 IST" time="9.592" errors="0">
  <testcase name="login" time="9.592" classname="demoTest.logintest"/>
</testsuite> <!-- demoTest.logintest -->
