<?xml version="1.0" encoding="UTF-8"?>
<!-- Generated by org.testng.reporters.JUnitReportReporter -->
<testsuite hostname="PUNDK-WIN7-230" name="testcases.logintest" tests="1" failures="0" timestamp="9 Sep 2019 11:10:42 GMT" time="7.020" errors="0">
  <testcase name="login" time="7.020" classname="testcases.logintest"/>
</testsuite> <!-- testcases.logintest -->
