<?xml version="1.0" encoding="UTF-8"?>
<!-- Generated by org.testng.reporters.JUnitReportReporter -->
<testsuite skipped="0" hostname="PUNDK-WIN7-230" name="tso.help_tab.BM_TSO_830638" tests="1" failures="0" timestamp="2019-09-11T18:10:50 IST" time="59.831" errors="0">
  <testcase name="testcase" time="59.831" classname="tso.help_tab.BM_TSO_830638"/>
</testsuite> <!-- tso.help_tab.BM_TSO_830638 -->
