<?xml version="1.0" encoding="UTF-8"?>
<!-- Generated by org.testng.reporters.JUnitReportReporter -->
<testsuite hostname="PUNDK-WIN7-230" name="demoTest.logintest" tests="2" failures="0" timestamp="6 Sep 2019 09:50:17 GMT" time="4.760" errors="0">
  <testcase name="login2" time="0.016" classname="demoTest.logintest"/>
  <testcase name="login" time="4.744" classname="demoTest.logintest"/>
</testsuite>
